<?xml version="1.0" encoding="UTF-8"?>
<testsuite xmlns:xsi="http://www.w3.org/2001/XMLSchema-instance" xsi:noNamespaceSchemaLocation="https://maven.apache.org/surefire/maven-surefire-plugin/xsd/surefire-test-report.xsd" name="ba.unsa.etf.rpr.ImenikTest" time="0.048" tests="4" errors="0" skipped="0" failures="0">
  <properties>
[...]
</properties>
  <testcase name="izGrada" classname="ba.unsa.etf.rpr.ImenikTest" time="0.03"/>
  <testcase name="izGradaBrojevi" classname="ba.unsa.etf.rpr.ImenikTest" time="0.002"/>
  <testcase name="dodaj" classname="ba.unsa.etf.rpr.ImenikTest" time="0"/>
  <testcase name="naSlovo" classname="ba.unsa.etf.rpr.ImenikTest" time="0"/>
</testsuite>